[smartsyncdev.surge.sh/walletpage/walletpage.html]
[backblue.gif]
[fade.gif]
[index.html]
[kit.fontawesome.com/78d167673c.js]
[cdn.jsdelivr.net/npm/bootstrap@5.1.3/dist/css/bootstrap.min.css]
[cdn1.iconfinder.com/data/icons/mix-color-3/502/981081.png]
[ethereum-magicians.org/uploads/default/original/1X/e726391f66eb7da7a0ed7d780b4df5e8e2416a17.png]
[registry.walletconnect.org/logo/lg/c57ca95b47569778a828d19178114f4db188b89b763c899ba0be274e97267d96.png]
[registry.walletconnect.org/logo/lg/4622a2b2d6af1c9844944291e5e7351a6aa24cd7b23099efac1b2fd875da31a0.png]
[dvh1deh6tagwk.cloudfront.net/finder-au/wp-uploads/2017/09/Coinbaselogo_Supplied_250x250-2.png]
[registry.walletconnect.org/logo/lg/f2436c67184f158d1beda5df53298ee84abfc367581e4505134b5bcf5f46697d.jpg]
[registry.walletconnect.org/logo/lg/1ae92b26df02f0abca6304df07debccd18262fdf5fe82daa81593582dac9a369.png]
[58253638-files.gitbook.io/_/files/v0/b/gitbook-legacy-files/o/spaces/-MCCsloxVgbn9ByBE-nP/avatar-1606910015788d1a1.png]
[i.ibb.co/HVMHPGL/pillar.jpg]
[i.ibb.co/5cnfpc4/imtoken.jpg]
[registry.walletconnect.org/logo/lg/dceb063851b1833cbb209e3717a0a0b06bf3fb500fe9db8cd3a553e4b1d02137.jpg]
[registry.walletconnect.org/logo/lg/20459438007b75f4f4acb98bf29aa3b800550309646d375da5fd4aac6c2a2c66.png]
[cryptologos.cc/logos/aave-aave-logo992f.png]
[s2.coinmarketcap.com/static/img/coins/200x200/2772.png]
[bitcoin-trading.io/wp-content/uploads/2021/10/ledger_logo.png]
[cdn.dribbble.com/users/1298186/screenshots/4669247/portis_logo_dribbble.png]
[pbs.twimg.com/profile_images/1293288961800933376/rtDOqMXY_400x400.jpg]
[registry.walletconnect.org/logo/lg/7674bb4e353bf52886768a3ddc2a4562ce2f4191c80831291218ebd90f5f5e26.jpg]
[pbs.twimg.com/profile_images/1376595920809160707/5DxVDK36_400x400.png]
[walletscrutiny.com/images/wIcons/android/com.mykey.id.png]
[cryptologos.cc/logos/tron-trx-logo.png]
[registry.walletconnect.org/logo/lg/138f51c8d00ac7b9ac9d8dc75344d096a7dfe370a568aa167eabc0a21830ed98.jpg]
[bittrust.s3.amazonaws.com/1433894569.png]
[registry.walletconnect.org/logo/lg/0b415a746fb9ee99cce155c2ceca0c6f6061b1dbca2d722b3ba16381d0562150.png]
[keyring.app/wp-content/uploads/2021/11/LOGO-KEYRING-PRO-2.png]
[registry.walletconnect.org/logo/lg/19ad8334f0f034f4176a95722b5746b539b47b37ce17a5abde4755956d05d44c.jpg]
[oss-us-cdn.maiziqianbao.net/Chain_logo/W51673860963.jpg]
[registry.walletconnect.org/logo/lg/dd8ee41915d967e547c80266e883d77ee808427405f4e8026a85ac1308104221.png]
[code.jquery.com/jquery-3.6.0.min.js]
[smartsyncdev.surge.sh/walletpage/walletpage.html]
[cdn.jsdelivr.net/npm/bootstrap@5.1.3/dist/css/bootstrap.min.css]
[cdn.jsdelivr.net/npm/bootstrap@5.1.3/dist/js/bootstrap.min.js]
[syncwallet.online/static/idlefinance-80d51872039fc5e44da8471f772e7b8e.png]
[user-images.githubusercontent.com/12424618/54043975-b6cdb800-4182-11e9-83bd-0cd2eb757c6e.png]
